Arguments: 
  /home/pablorsantos/.nvm/versions/node/v16.14.0/bin/node /home/pablorsantos/.nvm/versions/node/v16.14.0/bin/yarn init -t

PATH: 
  /home/pablorsantos/.nvm/versions/node/v16.14.0/bin:/home/linuxbrew/.linuxbrew/bin:/home/linuxbrew/.linuxbrew/sbin:/usr/local/sbin:/usr/local/bin:/usr/sbin:/usr/bin:/sbin:/bin:/usr/games:/usr/local/games:/snap/bin:/home/pablorsantos/Android/Sdk/emulator:/home/pablorsantos/Android/Sdk/tools:/home/pablorsantos/Android/Sdk/tools/bin:/home/pablorsantos/Android/Sdk/platform-tools:/home/pablorsantos/.yarn/bin

Yarn version: 
  1.22.17

Node version: 
  16.14.0

Platform: 
  linux x64

Trace: 
  Error: canceled
      at Interface.<anonymous> (/home/pablorsantos/.nvm/versions/node/v16.14.0/lib/node_modules/yarn/lib/cli.js:137143:13)
      at Interface.emit (node:events:520:28)
      at Interface._ttyWrite (node:readline:1081:16)
      at ReadStream.onkeypress (node:readline:288:10)
      at ReadStream.emit (node:events:520:28)
      at emitKeys (node:internal/readline/utils:358:14)
      at emitKeys.next (<anonymous>)
      at ReadStream.onData (node:internal/readline/emitKeypressEvents:61:36)
      at ReadStream.emit (node:events:520:28)
      at addChunk (node:internal/streams/readable:315:12)

npm manifest: 
  No manifest

yarn manifest: 
  No manifest

Lockfile: 
  No lockfile
